<<<<<<< HEAD
{"level":"info","message":"Notification service started","timestamp":"2025-05-01T00:14:18.970Z"}
{"level":"info","message":"Notification service started","timestamp":"2025-05-01T10:08:51.879Z"}
{"level":"info","message":"Notification service started","timestamp":"2025-05-01T10:13:28.856Z"}
{"level":"info","message":"Notification service started","timestamp":"2025-05-01T10:20:34.256Z"}
{"level":"info","message":"Notification service started","timestamp":"2025-05-01T10:31:59.928Z"}
{"level":"info","message":"Notification service started","timestamp":"2025-05-01T10:49:02.943Z"}
{"level":"info","message":"Notification service started","timestamp":"2025-05-01T11:23:42.297Z"}
{"level":"info","message":"Notification service started","timestamp":"2025-05-01T12:07:19.281Z"}
{"level":"info","message":"Notification service started","timestamp":"2025-05-01T12:42:56.881Z"}
{"level":"info","message":"Notification service started","timestamp":"2025-05-04T00:56:55.655Z"}
{"level":"info","message":"Notification service started","timestamp":"2025-05-04T19:12:10.683Z"}
{"level":"info","message":"Notification service started","timestamp":"2025-05-04T19:23:20.192Z"}
{"level":"info","message":"Notification service started","timestamp":"2025-05-04T19:28:11.115Z"}
{"level":"info","message":"Notification service started","timestamp":"2025-05-04T19:30:49.292Z"}
{"level":"info","message":"Notification service started","timestamp":"2025-05-04T19:35:26.004Z"}
{"level":"info","message":"Notification service started","timestamp":"2025-05-04T19:38:27.728Z"}
{"level":"info","message":"Notification service started","timestamp":"2025-05-04T19:41:39.366Z"}
{"level":"info","message":"Notification service started","timestamp":"2025-05-04T19:46:37.121Z"}
{"level":"info","message":"Notification service started","timestamp":"2025-05-04T19:52:37.123Z"}
{"level":"info","message":"Notification service started","timestamp":"2025-05-04T19:54:50.306Z"}
{"level":"info","message":"Notification service started","timestamp":"2025-05-04T19:56:25.871Z"}
{"level":"info","message":"Notification service started","timestamp":"2025-05-04T20:28:17.550Z"}
{"level":"info","message":"Notification service started","timestamp":"2025-05-04T22:18:46.266Z"}
{"level":"info","message":"Notification service started","timestamp":"2025-05-04T22:22:22.695Z"}
{"level":"info","message":"Notification service started","timestamp":"2025-05-04T22:27:36.482Z"}
{"level":"info","message":"Notification service started","timestamp":"2025-05-04T22:38:20.286Z"}
{"level":"info","message":"Notification service started","timestamp":"2025-05-04T22:40:13.025Z"}
{"level":"info","message":"Notification service started","timestamp":"2025-05-04T22:43:50.962Z"}
{"level":"info","message":"Notification service started","timestamp":"2025-05-04T22:45:31.089Z"}
{"level":"info","message":"Notification service started","timestamp":"2025-05-04T22:48:23.101Z"}
{"level":"info","message":"Notification service started","timestamp":"2025-05-04T22:50:36.477Z"}
{"level":"info","message":"Notification service started","timestamp":"2025-05-04T22:53:02.512Z"}
{"level":"info","message":"Notification service started","timestamp":"2025-05-04T22:56:44.986Z"}
{"level":"info","message":"Notification service started","timestamp":"2025-05-04T22:59:11.794Z"}
{"level":"info","message":"Notification service started","timestamp":"2025-05-04T23:05:37.823Z"}
{"level":"info","message":"Notification service started","timestamp":"2025-05-04T23:10:08.392Z"}
{"level":"info","message":"Notification service started","timestamp":"2025-05-04T23:12:01.894Z"}
{"level":"info","message":"Notification service started","timestamp":"2025-05-04T23:15:31.485Z"}
{"level":"info","message":"Notification service started","timestamp":"2025-05-04T23:39:37.239Z"}
{"level":"info","message":"Notification published to husseain","timestamp":"2025-05-04T23:53:19.829Z"}
{"level":"info","message":"Notification service started","timestamp":"2025-05-05T00:05:35.152Z"}
{"level":"info","message":"Notification published to husseain","timestamp":"2025-05-05T00:05:44.275Z"}
{"level":"info","message":"Notification service started","timestamp":"2025-05-05T00:09:14.443Z"}
{"level":"info","message":"Notification published to husseain","timestamp":"2025-05-05T00:09:35.960Z"}
{"level":"info","message":"Notification published to husseain","timestamp":"2025-05-05T00:17:32.343Z"}
{"level":"info","message":"Notification service started","timestamp":"2025-05-05T00:26:23.935Z"}
{"level":"info","message":"Notification published to Alhusseain","timestamp":"2025-05-05T00:27:05.285Z"}
{"level":"info","message":"Notification service started","timestamp":"2025-05-05T00:31:39.859Z"}
{"level":"info","message":"Notification published to Alhusseain","timestamp":"2025-05-05T00:32:13.367Z"}
{"level":"info","message":"Notification service started","timestamp":"2025-05-05T00:40:35.550Z"}
{"level":"info","message":"Notification published to Alhusseain","timestamp":"2025-05-05T00:40:59.479Z"}
{"level":"info","message":"Notification published to Alhusseain","timestamp":"2025-05-05T00:41:21.967Z"}
{"level":"info","message":"Notification published to Alhusseain","timestamp":"2025-05-05T00:43:18.299Z"}
{"level":"info","message":"Notification published to Alhusseain","timestamp":"2025-05-05T00:51:52.273Z"}
{"level":"info","message":"Notification service started","timestamp":"2025-05-05T22:16:53.010Z"}
{"level":"info","message":"Notification service started","timestamp":"2025-05-05T22:25:21.812Z"}
{"level":"info","message":"Notification service started","timestamp":"2025-05-05T22:31:15.098Z"}
{"level":"info","message":"Notification service started","timestamp":"2025-05-05T22:40:48.980Z"}
{"level":"info","message":"Notification service started","timestamp":"2025-05-05T22:43:52.232Z"}
{"level":"info","message":"Notification service started","timestamp":"2025-05-05T22:50:54.936Z"}
{"level":"info","message":"Notification service started","timestamp":"2025-05-05T23:16:20.228Z"}
{"level":"info","message":"Notification published to Alhusseain","timestamp":"2025-05-05T23:17:55.076Z"}
{"level":"info","message":"Notification published to Alhusseain","timestamp":"2025-05-05T23:18:21.574Z"}
{"level":"info","message":"Notification published to Alhusseain","timestamp":"2025-05-05T23:22:57.862Z"}
{"level":"info","message":"Notification published to Alhusseain","timestamp":"2025-05-05T23:30:40.092Z"}
{"level":"info","message":"Notification published to Alhusseain","timestamp":"2025-05-05T23:31:13.592Z"}
{"level":"info","message":"Notification service started","timestamp":"2025-05-06T22:37:19.692Z"}
{"level":"info","message":"Notification published to husseain","timestamp":"2025-05-06T22:39:15.067Z"}
{"level":"info","message":"Notification published to husseain","timestamp":"2025-05-06T22:40:26.891Z"}
{"level":"info","message":"Notification published to husseain","timestamp":"2025-05-06T22:42:11.774Z"}
{"level":"info","message":"Notification published to husseain","timestamp":"2025-05-06T22:45:11.633Z"}
{"level":"info","message":"Notification published to husseain","timestamp":"2025-05-06T22:45:31.081Z"}
{"level":"info","message":"Notification published to husseain","timestamp":"2025-05-06T22:46:02.679Z"}
{"level":"info","message":"Notification service started","timestamp":"2025-05-06T23:19:02.745Z"}
{"level":"info","message":"Notification service started","timestamp":"2025-05-06T23:24:36.597Z"}
{"level":"info","message":"Notification published to husseain","timestamp":"2025-05-06T23:26:06.661Z"}
{"level":"info","message":"Notification service started","timestamp":"2025-05-06T23:29:43.745Z"}
{"level":"info","message":"Notification published to husseain","timestamp":"2025-05-06T23:31:09.924Z"}
{"level":"info","message":"Notification published to husseain","timestamp":"2025-05-06T23:32:20.109Z"}
{"level":"info","message":"Notification service started","timestamp":"2025-05-07T00:05:12.941Z"}
{"level":"info","message":"Notification published to husseain","timestamp":"2025-05-07T00:06:32.511Z"}
{"level":"info","message":"Notification service started","timestamp":"2025-05-07T00:10:53.928Z"}
{"level":"info","message":"Notification service started","timestamp":"2025-05-07T02:05:22.592Z"}
{"level":"info","message":"Notification published to husseain","timestamp":"2025-05-07T02:18:22.778Z"}
{"level":"info","message":"Notification published to husseain","timestamp":"2025-05-07T02:18:49.133Z"}
{"level":"info","message":"Notification published to husseain","timestamp":"2025-05-07T02:19:25.581Z"}
{"level":"info","message":"Notification published to husseain","timestamp":"2025-05-07T02:20:36.306Z"}
{"level":"info","message":"Notification published to husseain","timestamp":"2025-05-07T02:54:44.714Z"}
{"level":"info","message":"Notification published to husseain","timestamp":"2025-05-07T02:55:14.691Z"}
{"level":"info","message":"Notification service started","timestamp":"2025-05-07T19:05:10.656Z"}
<<<<<<< HEAD
{"level":"info","message":"Notification service started","timestamp":"2025-05-08T02:59:02.490Z"}
{"level":"info","message":"Notification published to Alhusseain","timestamp":"2025-05-08T03:03:26.711Z"}
{"level":"info","message":"Notification published to Alhusseain","timestamp":"2025-05-08T03:05:50.019Z"}
{"level":"info","message":"Notification published to Alhusseain","timestamp":"2025-05-08T03:06:25.119Z"}
{"level":"info","message":"Notification published to Alhusseain","timestamp":"2025-05-08T03:06:58.184Z"}
{"level":"info","message":"Notification published to Alhusseain","timestamp":"2025-05-08T03:09:32.445Z"}
{"level":"info","message":"Notification service started","timestamp":"2025-05-08T03:35:35.724Z"}
{"level":"info","message":"Notification service started","timestamp":"2025-05-08T03:53:00.997Z"}
{"level":"info","message":"Notification service started","timestamp":"2025-05-08T04:05:22.384Z"}
{"level":"info","message":"Notification service started","timestamp":"2025-05-08T04:11:10.858Z"}
{"level":"info","message":"Notification service started","timestamp":"2025-05-08T09:58:55.241Z"}
{"level":"info","message":"Notification published to husseain","timestamp":"2025-05-08T10:07:51.399Z"}
{"level":"info","message":"Notification service started","timestamp":"2025-05-08T13:59:51.033Z"}
{"level":"info","message":"Notification service started","timestamp":"2025-05-08T15:52:01.773Z"}
{"level":"info","message":"Notification published to husseain","timestamp":"2025-05-08T15:52:49.237Z"}
{"level":"info","message":"Notification service started","timestamp":"2025-05-08T16:14:22.388Z"}
{"level":"info","message":"Notification service started","timestamp":"2025-05-08T16:17:12.840Z"}
{"level":"info","message":"Notification service started","timestamp":"2025-05-08T16:18:47.910Z"}
{"level":"info","message":"Notification service started","timestamp":"2025-05-08T16:22:04.387Z"}
{"level":"info","message":"Notification service started","timestamp":"2025-05-08T16:24:28.123Z"}
{"level":"info","message":"Notification service started","timestamp":"2025-05-08T16:28:43.727Z"}
{"level":"info","message":"Notification service started","timestamp":"2025-05-08T16:41:26.030Z"}
{"level":"info","message":"Notification service started","timestamp":"2025-05-08T16:48:03.206Z"}
{"level":"info","message":"Notification service started","timestamp":"2025-05-08T16:50:49.276Z"}
{"level":"info","message":"Notification service started","timestamp":"2025-05-08T16:53:01.729Z"}
{"level":"info","message":"Notification service started","timestamp":"2025-05-08T16:58:26.476Z"}
{"level":"info","message":"Notification service started","timestamp":"2025-05-08T17:03:13.037Z"}
{"level":"info","message":"Notification service started","timestamp":"2025-05-08T22:42:51.485Z"}
{"level":"info","message":"Notification service started","timestamp":"2025-05-08T22:46:25.723Z"}
{"level":"info","message":"Notification service started","timestamp":"2025-05-08T22:54:57.765Z"}
{"level":"info","message":"Notification published to husseain","timestamp":"2025-05-08T23:00:41.236Z"}
{"level":"info","message":"Notification published to mohamed","timestamp":"2025-05-08T23:11:41.946Z"}
{"level":"info","message":"Notification published to mohamed","timestamp":"2025-05-08T23:15:11.303Z"}
{"level":"info","message":"Notification published to mohamed","timestamp":"2025-05-08T23:17:13.147Z"}
{"level":"info","message":"Notification published to mohamed","timestamp":"2025-05-08T23:19:10.878Z"}
{"level":"info","message":"Notification service started","timestamp":"2025-05-08T23:23:21.380Z"}
{"level":"info","message":"Notification service started","timestamp":"2025-05-08T23:28:27.015Z"}
{"level":"info","message":"Notification service started","timestamp":"2025-05-08T23:34:10.050Z"}
{"level":"info","message":"Notification service started","timestamp":"2025-05-08T23:36:18.843Z"}
{"level":"info","message":"Notification service started","timestamp":"2025-05-08T23:39:06.731Z"}
{"level":"info","message":"Notification service started","timestamp":"2025-05-08T23:43:01.559Z"}
{"level":"info","message":"Notification service started","timestamp":"2025-05-08T23:49:21.590Z"}
{"level":"error","message":"Failed to publish notification: connection.createChannel is not a function","timestamp":"2025-05-08T23:51:00.959Z"}
{"level":"info","message":"Notification service started","timestamp":"2025-05-08T23:57:04.648Z"}
{"level":"info","message":"Notification service started","timestamp":"2025-05-09T00:03:01.565Z"}
{"level":"error","message":"Failed to publish notification: channel.publish(...).then is not a function","timestamp":"2025-05-09T00:03:42.791Z"}
{"level":"info","message":"Notification service started","timestamp":"2025-05-09T00:06:54.006Z"}
{"level":"info","message":"Notification published to mohamed","timestamp":"2025-05-09T00:07:16.142Z"}
{"level":"info","message":"Notification service started","timestamp":"2025-05-09T00:22:35.765Z"}
{"level":"info","message":"Notification service started","timestamp":"2025-05-09T00:28:00.543Z"}
{"level":"info","message":"Notification published to mohamed","timestamp":"2025-05-09T00:29:57.073Z"}
{"level":"info","message":"Notification service started","timestamp":"2025-05-09T00:32:39.241Z"}
{"level":"info","message":"Notification service started","timestamp":"2025-05-09T00:36:22.318Z"}
=======
{"level":"info","message":"Notification service started","timestamp":"2025-05-08T21:22:23.692Z"}
=======
>>>>>>> d9a842cceb13063cc1168b6db35d24c95082db6b
>>>>>>> 3203c5042b756464859489c5f840bc2b4ed0c8a4
{"level":"info","message":"Notification service started","timestamp":"2025-05-09T00:49:10.199Z"}
{"level":"info","message":"Notification service started","timestamp":"2025-05-09T00:53:37.632Z"}
{"level":"info","message":"Notification published to husseain","timestamp":"2025-05-09T00:58:18.981Z"}
{"level":"info","message":"Notification published to mohamed","timestamp":"2025-05-09T00:59:06.335Z"}
{"level":"info","message":"Notification published to mohamed","timestamp":"2025-05-09T01:01:34.112Z"}
{"level":"info","message":"Notification service started","timestamp":"2025-05-09T01:10:28.966Z"}
{"level":"info","message":"Notification published to mohamed","timestamp":"2025-05-09T01:11:18.805Z"}
{"level":"info","message":"Notification service started","timestamp":"2025-05-09T01:14:08.335Z"}
{"level":"info","message":"Notification published to mohamed","timestamp":"2025-05-09T01:16:15.338Z"}
{"level":"info","message":"Notification service started","timestamp":"2025-05-09T01:19:48.188Z"}
{"level":"info","message":"Notification published to mohamed","timestamp":"2025-05-09T01:20:40.627Z"}
{"level":"info","message":"Notification service started","timestamp":"2025-05-09T01:23:38.814Z"}
{"level":"info","message":"Notification published to mohamed","timestamp":"2025-05-09T01:24:24.811Z"}
{"level":"info","message":"Notification service started","timestamp":"2025-05-09T01:35:50.880Z"}
{"level":"error","message":"Failed to publish notification: debug is not defined","timestamp":"2025-05-09T01:36:30.474Z"}
{"level":"info","message":"Notification service started","timestamp":"2025-05-09T01:38:40.404Z"}
{"level":"info","message":"Notification published to mohamed","timestamp":"2025-05-09T01:39:05.382Z"}
{"level":"info","message":"Notification service started","timestamp":"2025-05-09T01:43:17.215Z"}
{"level":"info","message":"Notification published to mohamed","timestamp":"2025-05-09T01:44:05.070Z"}
{"level":"info","message":"Notification service started","timestamp":"2025-05-09T01:48:16.816Z"}
{"level":"info","message":"Notification published to mohamed","timestamp":"2025-05-09T01:49:11.428Z"}
{"level":"info","message":"Notification service started","timestamp":"2025-05-09T01:50:24.680Z"}
{"level":"info","message":"Notification published to mohamed","timestamp":"2025-05-09T01:50:58.082Z"}
{"level":"info","message":"Notification service started","timestamp":"2025-05-09T01:52:08.890Z"}
{"level":"info","message":"Notification published to mohamed","timestamp":"2025-05-09T01:52:40.215Z"}
{"level":"info","message":"Notification service started","timestamp":"2025-05-09T01:56:18.338Z"}
{"level":"info","message":"Notification published to mohamed","timestamp":"2025-05-09T01:56:28.371Z"}
{"level":"info","message":"Notification service started","timestamp":"2025-05-09T02:01:23.432Z"}
{"level":"info","message":"Notification service started","timestamp":"2025-05-09T02:06:20.170Z"}
{"level":"info","message":"Notification published to mohamed","timestamp":"2025-05-09T02:09:46.909Z"}
{"level":"info","message":"Notification service started","timestamp":"2025-05-09T02:11:38.781Z"}
{"level":"info","message":"Notification service started","timestamp":"2025-05-09T02:19:02.809Z"}
{"level":"info","message":"Notification published to mohamed","timestamp":"2025-05-09T02:20:55.441Z"}
{"level":"info","message":"Notification service started","timestamp":"2025-05-09T03:40:19.369Z"}
{"level":"info","message":"Notification service started","timestamp":"2025-05-09T03:43:56.251Z"}
{"level":"info","message":"Notification service started","timestamp":"2025-05-09T03:46:09.767Z"}
{"level":"info","message":"Notification service started","timestamp":"2025-05-09T04:01:33.446Z"}
{"level":"info","message":"Notification service started","timestamp":"2025-05-09T04:19:54.943Z"}
{"level":"info","message":"Notification service started","timestamp":"2025-05-09T04:22:05.344Z"}
{"level":"info","message":"Notification service started","timestamp":"2025-05-09T04:32:22.961Z"}
{"level":"info","message":"Notification service started","timestamp":"2025-05-09T04:37:50.042Z"}
{"level":"info","message":"Notification service started","timestamp":"2025-05-09T04:40:32.910Z"}
{"level":"info","message":"Notification service started","timestamp":"2025-05-09T04:42:43.217Z"}
{"level":"info","message":"Notification service started","timestamp":"2025-05-09T04:45:20.845Z"}
{"level":"info","message":"Notification service started","timestamp":"2025-05-09T04:50:08.581Z"}
{"level":"info","message":"Notification service started","timestamp":"2025-05-09T04:59:15.210Z"}
{"level":"info","message":"Notification service started","timestamp":"2025-05-09T16:21:10.539Z"}
{"level":"info","message":"Notification published to comedy","timestamp":"2025-05-09T16:30:15.990Z"}
{"level":"info","message":"Notification published to classic","timestamp":"2025-05-09T16:30:41.799Z"}
{"level":"info","message":"Notification service started","timestamp":"2025-05-09T21:37:12.664Z"}
